<?xml version="1.0" encoding="UTF-8"?>
<!-- Generated by org.testng.reporters.JUnitXMLReporter -->
<testsuite ignored="5" hostname="Johandre-i3" failures="0" tests="1" name="Default test" time="76.352" errors="0" timestamp="10 Jan 2019 13:44:40 GMT">
  <testcase classname="automationFramework.FirstTestCase" name="testGithub" time="76.317"/>
  <testcase classname="automationFramework.FirstTestCase" name="testLogin" time="0.0">
    <ignored/>
  </testcase> <!-- testLogin -->
  <testcase classname="automationFramework.FirstTestCase" name="testAddUser" time="0.0">
    <ignored/>
  </testcase> <!-- testAddUser -->
  <testcase classname="automationFramework.FirstTestCase" name="testFull" time="0.0">
    <ignored/>
  </testcase> <!-- testFull -->
  <testcase classname="automationFramework.FirstTestCase" name="testUserRegistion" time="0.0">
    <ignored/>
  </testcase> <!-- testUserRegistion -->
  <testcase classname="automationFramework.FirstTestCase" name="testResetDB" time="0.0">
    <ignored/>
  </testcase> <!-- testResetDB -->
</testsuite> <!-- Default test -->
