<?xml version="1.0" encoding="UTF-8"?>
<testng-results ignored="4" total="5" passed="1" failed="0" skipped="0">
  <reporter-output>
  </reporter-output>
  <suite started-at="2019-01-10T09:43:01Z" name="Default suite" finished-at="2019-01-10T09:45:09Z" duration-ms="127618">
    <groups>
    </groups>
    <test started-at="2019-01-10T09:43:01Z" name="Default test" finished-at="2019-01-10T09:45:09Z" duration-ms="127618">
      <class name="automationFramework.FirstTestCase">
        <test-method signature="testFull()[pri:0, instance:automationFramework.FirstTestCase@131ef10]" started-at="2019-01-10T11:43:01Z" name="testFull" finished-at="2019-01-10T11:45:09Z" duration-ms="127585" status="PASS">
          <reporter-output>
          </reporter-output>
        </test-method> <!-- testFull -->
      </class> <!-- automationFramework.FirstTestCase -->
    </test> <!-- Default test -->
  </suite> <!-- Default suite -->
</testng-results>
