<?xml version="1.0" encoding="UTF-8"?>
<testng-results ignored="5" total="6" passed="1" failed="0" skipped="0">
  <reporter-output>
  </reporter-output>
  <suite started-at="2019-01-10T13:43:24Z" name="Default suite" finished-at="2019-01-10T13:44:40Z" duration-ms="76352">
    <groups>
    </groups>
    <test started-at="2019-01-10T13:43:24Z" name="Default test" finished-at="2019-01-10T13:44:40Z" duration-ms="76352">
      <class name="automationFramework.FirstTestCase">
        <test-method signature="testGithub()[pri:0, instance:automationFramework.FirstTestCase@55b0dcab]" started-at="2019-01-10T15:43:24Z" name="testGithub" finished-at="2019-01-10T15:44:40Z" duration-ms="76317" status="PASS">
          <reporter-output>
          </reporter-output>
        </test-method> <!-- testGithub -->
      </class> <!-- automationFramework.FirstTestCase -->
    </test> <!-- Default test -->
  </suite> <!-- Default suite -->
</testng-results>
